2023-03-06T16:25:21.397+0530 [ERROR] vertex "module.Dispatches.var.environment_conf" error: Reference to undeclared input variable
2023-03-06T16:25:21.397+0530 [ERROR] vertex "module.Dispatches.var.environment_conf (expand)" error: Reference to undeclared input variable
2023-03-06T16:25:49.485+0530 [ERROR] vertex "module.Dispatches.var.environment_conf" error: Reference to undeclared input variable
2023-03-06T16:25:49.485+0530 [ERROR] vertex "module.Dispatches.var.environment_conf (expand)" error: Reference to undeclared input variable
2023-03-06T16:26:10.158+0530 [ERROR] vertex "module.API-Gateway.output.domain_url" error: Invalid operand
2023-03-06T16:26:10.158+0530 [ERROR] vertex "module.API-Gateway.output.domain_url" error: Invalid operand
2023-03-06T16:26:10.158+0530 [ERROR] vertex "module.API-Gateway.output.domain_url (expand)" error: Invalid operand
2023-03-06T16:26:10.158+0530 [ERROR] vertex "module.API-Gateway.output.domain_url (expand)" error: Invalid operand
2023-03-06T16:27:14.823+0530 [ERROR] prepareFinalInputVariableValue: module.Dispatches.var.environment_conf has unsuitable type
  got:  {{{} {{{} %!s(cty.primitiveTypeKind=83)}}}}
  want: {{{} map[db_name:{{{} %!s(cty.primitiveTypeKind=83)}} db_password:{{{} %!s(cty.primitiveTypeKind=83)}} db_url:{{{} %!s(cty.primitiveTypeKind=83)}} db_username:{{{} %!s(cty.primitiveTypeKind=83)}} dispatch_organization_service_url:{{{} %!s(cty.primitiveTypeKind=83)}} dispatch_overview_service_url:{{{} %!s(cty.primitiveTypeKind=83)}} dispatch_service_url:{{{} %!s(cty.primitiveTypeKind=83)}} domain_url:{{{} %!s(cty.primitiveTypeKind=83)}} resource_path:{{{} %!s(cty.primitiveTypeKind=83)}} stage:{{{} %!s(cty.primitiveTypeKind=83)}} stage_path:{{{} %!s(cty.primitiveTypeKind=83)}}] map[]}}
2023-03-06T16:27:14.823+0530 [ERROR] vertex "module.Dispatches.var.environment_conf" error: Invalid value for input variable
2023-03-06T16:27:14.823+0530 [ERROR] vertex "module.Dispatches.var.environment_conf (expand)" error: Invalid value for input variable
2023-03-06T16:27:14.823+0530 [ERROR] prepareFinalInputVariableValue: module.Tags.var.environment_conf has unsuitable type
  got:  {{{} {{{} %!s(cty.primitiveTypeKind=83)}}}}
  want: {{{} map[db_name:{{{} %!s(cty.primitiveTypeKind=83)}} db_password:{{{} %!s(cty.primitiveTypeKind=83)}} db_url:{{{} %!s(cty.primitiveTypeKind=83)}} db_username:{{{} %!s(cty.primitiveTypeKind=83)}} dispatch_organization_service_url:{{{} %!s(cty.primitiveTypeKind=83)}} dispatch_overview_service_url:{{{} %!s(cty.primitiveTypeKind=83)}} dispatch_service_url:{{{} %!s(cty.primitiveTypeKind=83)}} domain_url:{{{} %!s(cty.primitiveTypeKind=83)}} resource_path:{{{} %!s(cty.primitiveTypeKind=83)}} stage:{{{} %!s(cty.primitiveTypeKind=83)}} stage_path:{{{} %!s(cty.primitiveTypeKind=83)}}] map[]}}
2023-03-06T16:27:14.823+0530 [ERROR] vertex "module.Tags.var.environment_conf" error: Invalid value for input variable
2023-03-06T16:27:14.823+0530 [ERROR] vertex "module.Tags.var.environment_conf (expand)" error: Invalid value for input variable
2023-03-06T16:28:55.742+0530 [ERROR] prepareFinalInputVariableValue: module.Dispatches.var.environment_conf has unsuitable type
  got:  {{{} {{{} %!s(cty.primitiveTypeKind=83)}}}}
  want: {{{} map[db_name:{{{} %!s(cty.primitiveTypeKind=83)}} db_password:{{{} %!s(cty.primitiveTypeKind=83)}} db_url:{{{} %!s(cty.primitiveTypeKind=83)}} db_username:{{{} %!s(cty.primitiveTypeKind=83)}} dispatch_organization_service_url:{{{} %!s(cty.primitiveTypeKind=83)}} dispatch_overview_service_url:{{{} %!s(cty.primitiveTypeKind=83)}} dispatch_service_url:{{{} %!s(cty.primitiveTypeKind=83)}} domain_url:{{{} %!s(cty.primitiveTypeKind=83)}} resource_path:{{{} %!s(cty.primitiveTypeKind=83)}} stage:{{{} %!s(cty.primitiveTypeKind=83)}} stage_path:{{{} %!s(cty.primitiveTypeKind=83)}}] map[]}}
2023-03-06T16:28:55.742+0530 [ERROR] vertex "module.Dispatches.var.environment_conf" error: Invalid value for input variable
2023-03-06T16:28:55.742+0530 [ERROR] vertex "module.Dispatches.var.environment_conf (expand)" error: Invalid value for input variable
2023-03-06T16:28:55.743+0530 [ERROR] prepareFinalInputVariableValue: module.Tags.var.environment_conf has unsuitable type
  got:  {{{} {{{} %!s(cty.primitiveTypeKind=83)}}}}
  want: {{{} map[db_name:{{{} %!s(cty.primitiveTypeKind=83)}} db_password:{{{} %!s(cty.primitiveTypeKind=83)}} db_url:{{{} %!s(cty.primitiveTypeKind=83)}} db_username:{{{} %!s(cty.primitiveTypeKind=83)}} dispatch_organization_service_url:{{{} %!s(cty.primitiveTypeKind=83)}} dispatch_overview_service_url:{{{} %!s(cty.primitiveTypeKind=83)}} dispatch_service_url:{{{} %!s(cty.primitiveTypeKind=83)}} domain_url:{{{} %!s(cty.primitiveTypeKind=83)}} resource_path:{{{} %!s(cty.primitiveTypeKind=83)}} stage:{{{} %!s(cty.primitiveTypeKind=83)}} stage_path:{{{} %!s(cty.primitiveTypeKind=83)}}] map[]}}
2023-03-06T16:28:55.743+0530 [ERROR] vertex "module.Tags.var.environment_conf" error: Invalid value for input variable
2023-03-06T16:28:55.743+0530 [ERROR] vertex "module.Tags.var.environment_conf (expand)" error: Invalid value for input variable
2023-03-06T16:29:26.172+0530 [ERROR] prepareFinalInputVariableValue: module.Tags.var.environment_conf has unsuitable type
  got:  {{{} {{{} %!s(cty.primitiveTypeKind=83)}}}}
  want: {{{} map[db_name:{{{} %!s(cty.primitiveTypeKind=83)}} db_password:{{{} %!s(cty.primitiveTypeKind=83)}} db_url:{{{} %!s(cty.primitiveTypeKind=83)}} db_username:{{{} %!s(cty.primitiveTypeKind=83)}} dispatch_organization_service_url:{{{} %!s(cty.primitiveTypeKind=83)}} dispatch_overview_service_url:{{{} %!s(cty.primitiveTypeKind=83)}} dispatch_service_url:{{{} %!s(cty.primitiveTypeKind=83)}} domain_url:{{{} %!s(cty.primitiveTypeKind=83)}} resource_path:{{{} %!s(cty.primitiveTypeKind=83)}} stage:{{{} %!s(cty.primitiveTypeKind=83)}} stage_path:{{{} %!s(cty.primitiveTypeKind=83)}}] map[]}}
2023-03-06T16:29:26.172+0530 [ERROR] vertex "module.Tags.var.environment_conf" error: Invalid value for input variable
2023-03-06T16:29:26.172+0530 [ERROR] vertex "module.Tags.var.environment_conf (expand)" error: Invalid value for input variable
2023-03-06T16:30:00.292+0530 [ERROR] Graph validation failed. Graph:

data.aws_caller_identity.current
  provider["registry.terraform.io/hashicorp/aws"]
  var.allowed_account_ids
local.modified_dispatches (expand)
  module.API-Gateway.output.domain_url (expand)
  var.dispatches_conf
module.API-Gateway (close)
  module.API-Gateway (expand)
  module.API-Gateway.aws_api_gateway_deployment.Deploy_API
  module.API-Gateway.aws_api_gateway_integration.proxy_lambda
  module.API-Gateway.aws_api_gateway_integration.root_method_mock
  module.API-Gateway.aws_api_gateway_integration_response.options_integration_response
  module.API-Gateway.aws_api_gateway_integration_response.proxy_integration_response
  module.API-Gateway.aws_api_gateway_method.proxy_method
  module.API-Gateway.aws_api_gateway_method.root_method
  module.API-Gateway.aws_api_gateway_method_response.options_200
  module.API-Gateway.aws_api_gateway_method_response.proxy_response
  module.API-Gateway.aws_api_gateway_resource.api
  module.API-Gateway.aws_api_gateway_resource.endpoints
  module.API-Gateway.aws_api_gateway_resource.proxy
  module.API-Gateway.aws_api_gateway_resource.version
  module.API-Gateway.aws_api_gateway_rest_api.apiLambda
  module.API-Gateway.aws_lambda_permission.apigw_proxy
  module.API-Gateway.output.domain_url (expand)
  module.API-Gateway.var.endpoints (expand)
module.API-Gateway (expand)
module.API-Gateway.aws_api_gateway_deployment.Deploy_API
  module.API-Gateway (expand)
  module.API-Gateway.aws_api_gateway_integration.proxy_lambda
  module.API-Gateway.aws_api_gateway_integration_response.options_integration_response
  module.API-Gateway.aws_api_gateway_integration_response.proxy_integration_response
  module.API-Gateway.aws_api_gateway_rest_api.apiLambda
  module.API-Gateway.aws_lambda_permission.apigw_proxy
  provider["registry.terraform.io/hashicorp/aws"]
module.API-Gateway.aws_api_gateway_integration.proxy_lambda
  module.API-Gateway (expand)
  module.API-Gateway.aws_api_gateway_method.proxy_method
  module.API-Gateway.var.endpoints (expand)
  provider["registry.terraform.io/hashicorp/aws"]
module.API-Gateway.aws_api_gateway_integration.root_method_mock
  module.API-Gateway (expand)
  module.API-Gateway.aws_api_gateway_method.root_method
  module.API-Gateway.aws_api_gateway_rest_api.apiLambda
  provider["registry.terraform.io/hashicorp/aws"]
module.API-Gateway.aws_api_gateway_integration_response.options_integration_response
  module.API-Gateway (expand)
  module.API-Gateway.aws_api_gateway_rest_api.apiLambda
  provider["registry.terraform.io/hashicorp/aws"]
module.API-Gateway.aws_api_gateway_integration_response.proxy_integration_response
  module.API-Gateway (expand)
  module.API-Gateway.aws_api_gateway_method_response.proxy_response
  module.API-Gateway.aws_api_gateway_rest_api.apiLambda
  provider["registry.terraform.io/hashicorp/aws"]
module.API-Gateway.aws_api_gateway_method.proxy_method
  module.API-Gateway (expand)
  module.API-Gateway.aws_api_gateway_resource.proxy
  module.API-Gateway.aws_api_gateway_rest_api.apiLambda
  provider["registry.terraform.io/hashicorp/aws"]
module.API-Gateway.aws_api_gateway_method.root_method
  module.API-Gateway (expand)
  module.API-Gateway.aws_api_gateway_rest_api.apiLambda
  provider["registry.terraform.io/hashicorp/aws"]
module.API-Gateway.aws_api_gateway_method_response.options_200
  module.API-Gateway (expand)
  module.API-Gateway.aws_api_gateway_integration.root_method_mock
  module.API-Gateway.aws_api_gateway_method.root_method
  module.API-Gateway.aws_api_gateway_rest_api.apiLambda
  provider["registry.terraform.io/hashicorp/aws"]
module.API-Gateway.aws_api_gateway_method_response.proxy_response
  module.API-Gateway (expand)
  module.API-Gateway.aws_api_gateway_method.proxy_method
  module.API-Gateway.aws_api_gateway_rest_api.apiLambda
  provider["registry.terraform.io/hashicorp/aws"]
module.API-Gateway.aws_api_gateway_resource.api
  module.API-Gateway (expand)
  module.API-Gateway.aws_api_gateway_rest_api.apiLambda
  provider["registry.terraform.io/hashicorp/aws"]
module.API-Gateway.aws_api_gateway_resource.endpoints
  module.API-Gateway (expand)
  module.API-Gateway.aws_api_gateway_resource.version
  module.API-Gateway.aws_api_gateway_rest_api.apiLambda
  module.API-Gateway.var.endpoints (expand)
  provider["registry.terraform.io/hashicorp/aws"]
module.API-Gateway.aws_api_gateway_resource.proxy
  module.API-Gateway (expand)
  module.API-Gateway.aws_api_gateway_resource.endpoints
  module.API-Gateway.aws_api_gateway_rest_api.apiLambda
  provider["registry.terraform.io/hashicorp/aws"]
module.API-Gateway.aws_api_gateway_resource.version
  module.API-Gateway (expand)
  module.API-Gateway.aws_api_gateway_resource.api
  module.API-Gateway.aws_api_gateway_rest_api.apiLambda
  provider["registry.terraform.io/hashicorp/aws"]
module.API-Gateway.aws_api_gateway_rest_api.apiLambda
  module.API-Gateway (expand)
  provider["registry.terraform.io/hashicorp/aws"]
module.API-Gateway.aws_lambda_permission.apigw_proxy
  module.API-Gateway (expand)
  module.API-Gateway.aws_api_gateway_rest_api.apiLambda
  module.API-Gateway.var.endpoints (expand)
  provider["registry.terraform.io/hashicorp/aws"]
module.API-Gateway.output.domain_url (expand)
  module.API-Gateway (expand)
  module.API-Gateway.aws_api_gateway_deployment.Deploy_API
module.API-Gateway.var.endpoints (expand)
  module.API-Gateway (expand)
  module.Authorization.output.role_arn_apig (expand)
  module.Dispatches.output.function_name (expand)
  module.Dispatches.output.invoke_arn (expand)
  module.Tags.output.function_name (expand)
  module.Tags.output.invoke_arn (expand)
module.Authorization (close)
  module.Authorization (expand)
  module.Authorization.aws_iam_policy.iam_policy_for_lambda
  module.Authorization.aws_iam_role.iam_for_apig
  module.Authorization.aws_iam_role.iam_for_lambda
  module.Authorization.aws_iam_role_policy_attachment.attach_iam_policy_to_iam_role
  module.Authorization.output.policy_arn (expand)
  module.Authorization.output.role_arn_apig (expand)
  module.Authorization.output.role_arn_lambda (expand)
  module.Authorization.var.policy_name_lambda (expand)
  module.Authorization.var.role_name_apig (expand)
  module.Authorization.var.role_name_lambda (expand)
module.Authorization (expand)
module.Authorization.aws_iam_policy.iam_policy_for_lambda
  module.Authorization (expand)
  module.Authorization.var.policy_name_lambda (expand)
  provider["registry.terraform.io/hashicorp/aws"]
module.Authorization.aws_iam_role.iam_for_apig
  module.Authorization (expand)
  module.Authorization.var.role_name_apig (expand)
  provider["registry.terraform.io/hashicorp/aws"]
module.Authorization.aws_iam_role.iam_for_lambda
  module.Authorization (expand)
  module.Authorization.var.role_name_lambda (expand)
  provider["registry.terraform.io/hashicorp/aws"]
module.Authorization.aws_iam_role_policy_attachment.attach_iam_policy_to_iam_role
  module.Authorization (expand)
  module.Authorization.aws_iam_policy.iam_policy_for_lambda
  module.Authorization.aws_iam_role.iam_for_lambda
  provider["registry.terraform.io/hashicorp/aws"]
module.Authorization.output.policy_arn (expand)
  module.Authorization (expand)
  module.Authorization.aws_iam_policy.iam_policy_for_lambda
module.Authorization.output.role_arn_apig (expand)
  module.Authorization (expand)
  module.Authorization.aws_iam_role.iam_for_apig
module.Authorization.output.role_arn_lambda (expand)
  module.Authorization (expand)
  module.Authorization.aws_iam_role.iam_for_lambda
module.Authorization.var.policy_name_lambda (expand)
  module.Authorization (expand)
module.Authorization.var.role_name_apig (expand)
  module.Authorization (expand)
module.Authorization.var.role_name_lambda (expand)
  module.Authorization (expand)
module.Dispatches (close)
  module.Dispatches (expand)
  module.Dispatches.aws_lambda_function.lambda_function
  module.Dispatches.data.archive_file.zip_the_python_code
  module.Dispatches.null_resource.do-build
  module.Dispatches.output.function_name (expand)
  module.Dispatches.output.invoke_arn (expand)
  module.Dispatches.var.environment_conf (expand)
  module.Dispatches.var.function_name (expand)
  module.Dispatches.var.lambda_role (expand)
  module.Dispatches.var.layer_name (expand)
  module.Dispatches.var.memory (expand)
  module.Dispatches.var.policy (expand)
  module.Dispatches.var.region (expand)
  module.Dispatches.var.service (expand)
  module.Dispatches.var.source_folder (expand)
  module.Dispatches.var.timeout (expand)
module.Dispatches (expand)
  module.Authorization (close)
  module.Authorization.output.policy_arn (expand)
  module.Authorization.output.role_arn_apig (expand)
  module.Authorization.output.role_arn_lambda (expand)
  module.Shared (close)
  module.Shared.output.layer_name (expand)
module.Dispatches.aws_lambda_function.lambda_function
  module.Dispatches (expand)
  module.Dispatches.data.archive_file.zip_the_python_code
  module.Dispatches.var.environment_conf (expand)
  module.Dispatches.var.lambda_role (expand)
  module.Dispatches.var.layer_name (expand)
  module.Dispatches.var.memory (expand)
  module.Dispatches.var.policy (expand)
  module.Dispatches.var.service (expand)
  module.Dispatches.var.timeout (expand)
  provider["registry.terraform.io/hashicorp/aws"]
module.Dispatches.data.archive_file.zip_the_python_code
  module.Dispatches (expand)
  module.Dispatches.null_resource.do-build
  module.Dispatches.var.service (expand)
  provider["registry.terraform.io/hashicorp/archive"]
module.Dispatches.null_resource.do-build
  module.Dispatches (expand)
  module.Dispatches.var.service (expand)
  module.Dispatches.var.source_folder (expand)
  provider["registry.terraform.io/hashicorp/null"]
module.Dispatches.output.function_name (expand)
  module.Dispatches (expand)
  module.Dispatches.aws_lambda_function.lambda_function
module.Dispatches.output.invoke_arn (expand)
  module.Dispatches (expand)
  module.Dispatches.aws_lambda_function.lambda_function
module.Dispatches.var.environment_conf (expand)
  local.modified_dispatches (expand)
  module.Dispatches (expand)
module.Dispatches.var.function_name (expand)
  module.Dispatches (expand)
module.Dispatches.var.lambda_role (expand)
  module.Authorization.output.role_arn_lambda (expand)
  module.Dispatches (expand)
module.Dispatches.var.layer_name (expand)
  module.Dispatches (expand)
  module.Shared.output.layer_name (expand)
module.Dispatches.var.memory (expand)
  module.Dispatches (expand)
module.Dispatches.var.policy (expand)
  module.Authorization.output.policy_arn (expand)
  module.Dispatches (expand)
module.Dispatches.var.region (expand)
  module.Dispatches (expand)
  var.aws_region
module.Dispatches.var.service (expand)
  module.Dispatches (expand)
module.Dispatches.var.source_folder (expand)
  module.Dispatches (expand)
  module.Github.output.git_destination (expand)
module.Dispatches.var.timeout (expand)
  module.Dispatches (expand)
module.DynamoDB (close)
  module.DynamoDB (expand)
  module.DynamoDB.aws_dynamodb_table.dynamodb-table
  module.DynamoDB.local.schema (expand)
  module.DynamoDB.var.billing_mode (expand)
  module.DynamoDB.var.hash_key (expand)
  module.DynamoDB.var.range_key (expand)
  module.DynamoDB.var.read_capacity (expand)
  module.DynamoDB.var.table_name (expand)
  module.DynamoDB.var.write_capacity (expand)
module.DynamoDB (expand)
module.DynamoDB.aws_dynamodb_table.dynamodb-table
  module.DynamoDB (expand)
  module.DynamoDB.local.schema (expand)
  module.DynamoDB.var.billing_mode (expand)
  module.DynamoDB.var.hash_key (expand)
  module.DynamoDB.var.range_key (expand)
  module.DynamoDB.var.read_capacity (expand)
  module.DynamoDB.var.table_name (expand)
  module.DynamoDB.var.write_capacity (expand)
  provider["registry.terraform.io/hashicorp/aws"]
module.DynamoDB.local.schema (expand)
  module.DynamoDB (expand)
module.DynamoDB.var.billing_mode (expand)
  module.DynamoDB (expand)
module.DynamoDB.var.hash_key (expand)
  module.DynamoDB (expand)
module.DynamoDB.var.range_key (expand)
  module.DynamoDB (expand)
module.DynamoDB.var.read_capacity (expand)
  module.DynamoDB (expand)
module.DynamoDB.var.table_name (expand)
  module.DynamoDB (expand)
module.DynamoDB.var.write_capacity (expand)
  module.DynamoDB (expand)
module.Github (close)
  module.Github (expand)
  module.Github.null_resource.clone_repo
  module.Github.output.git_destination (expand)
  module.Github.var.git_branch (expand)
  module.Github.var.git_clone_url (expand)
  module.Github.var.git_destination (expand)
module.Github (expand)
module.Github.null_resource.clone_repo
  module.Github (expand)
  module.Github.var.git_branch (expand)
  module.Github.var.git_clone_url (expand)
  module.Github.var.git_destination (expand)
  provider["registry.terraform.io/hashicorp/null"]
module.Github.output.git_destination (expand)
  module.Github (expand)
  module.Github.var.git_destination (expand)
module.Github.var.git_branch (expand)
  module.Github (expand)
  var.github_specs
module.Github.var.git_clone_url (expand)
  module.Github (expand)
  var.github_specs
module.Github.var.git_destination (expand)
  module.Github (expand)
module.Shared (close)
  module.Shared (expand)
  module.Shared.aws_lambda_layer_version.shared_layer
  module.Shared.data.archive_file.ZIP-Shared
  module.Shared.null_resource.Install-Dependencies
  module.Shared.output.layer_name (expand)
  module.Shared.var.region (expand)
  module.Shared.var.service (expand)
  module.Shared.var.source_folder (expand)
module.Shared (expand)
  module.Github (close)
  module.Github.output.git_destination (expand)
module.Shared.aws_lambda_layer_version.shared_layer
  module.Shared (expand)
  module.Shared.data.archive_file.ZIP-Shared
  module.Shared.var.service (expand)
  provider["registry.terraform.io/hashicorp/aws"]
module.Shared.data.archive_file.ZIP-Shared
  module.Shared (expand)
  module.Shared.null_resource.Install-Dependencies
  module.Shared.var.service (expand)
  provider["registry.terraform.io/hashicorp/archive"]
module.Shared.null_resource.Install-Dependencies
  module.Shared (expand)
  module.Shared.var.service (expand)
  module.Shared.var.source_folder (expand)
  provider["registry.terraform.io/hashicorp/null"]
module.Shared.output.layer_name (expand)
  module.Shared (expand)
  module.Shared.aws_lambda_layer_version.shared_layer
module.Shared.var.region (expand)
  module.Shared (expand)
  var.aws_region
module.Shared.var.service (expand)
  module.Shared (expand)
module.Shared.var.source_folder (expand)
  module.Github.output.git_destination (expand)
  module.Shared (expand)
module.Tags (close)
  module.Tags (expand)
  module.Tags.aws_lambda_function.lambda_function
  module.Tags.data.archive_file.zip_the_python_code
  module.Tags.null_resource.do-build
  module.Tags.output.function_name (expand)
  module.Tags.output.invoke_arn (expand)
  module.Tags.var.environment_conf (expand)
  module.Tags.var.function_name (expand)
  module.Tags.var.lambda_role (expand)
  module.Tags.var.layer_name (expand)
  module.Tags.var.memory (expand)
  module.Tags.var.policy (expand)
  module.Tags.var.region (expand)
  module.Tags.var.service (expand)
  module.Tags.var.source_folder (expand)
  module.Tags.var.timeout (expand)
module.Tags (expand)
  module.Authorization (close)
  module.Authorization.output.policy_arn (expand)
  module.Authorization.output.role_arn_apig (expand)
  module.Authorization.output.role_arn_lambda (expand)
  module.Shared (close)
  module.Shared.output.layer_name (expand)
module.Tags.aws_lambda_function.lambda_function
  module.Tags (expand)
  module.Tags.data.archive_file.zip_the_python_code
  module.Tags.var.environment_conf (expand)
  module.Tags.var.lambda_role (expand)
  module.Tags.var.layer_name (expand)
  module.Tags.var.memory (expand)
  module.Tags.var.policy (expand)
  module.Tags.var.service (expand)
  module.Tags.var.timeout (expand)
  provider["registry.terraform.io/hashicorp/aws"]
module.Tags.data.archive_file.zip_the_python_code
  module.Tags (expand)
  module.Tags.null_resource.do-build
  module.Tags.var.service (expand)
  provider["registry.terraform.io/hashicorp/archive"]
module.Tags.null_resource.do-build
  module.Tags (expand)
  module.Tags.var.service (expand)
  module.Tags.var.source_folder (expand)
  provider["registry.terraform.io/hashicorp/null"]
module.Tags.output.function_name (expand)
  module.Tags (expand)
  module.Tags.aws_lambda_function.lambda_function
module.Tags.output.invoke_arn (expand)
  module.Tags (expand)
  module.Tags.aws_lambda_function.lambda_function
module.Tags.var.environment_conf (expand)
  module.Tags (expand)
  var.tags_conf
module.Tags.var.function_name (expand)
  module.Tags (expand)
module.Tags.var.lambda_role (expand)
  module.Authorization.output.role_arn_lambda (expand)
  module.Tags (expand)
module.Tags.var.layer_name (expand)
  module.Shared.output.layer_name (expand)
  module.Tags (expand)
module.Tags.var.memory (expand)
  module.Tags (expand)
module.Tags.var.policy (expand)
  module.Authorization.output.policy_arn (expand)
  module.Tags (expand)
module.Tags.var.region (expand)
  module.Tags (expand)
  var.aws_region
module.Tags.var.service (expand)
  module.Tags (expand)
module.Tags.var.source_folder (expand)
  module.Github.output.git_destination (expand)
  module.Tags (expand)
module.Tags.var.timeout (expand)
  module.Tags (expand)
null_resource.clean-up
  module.API-Gateway (close)
  module.API-Gateway.output.domain_url (expand)
  provider["registry.terraform.io/hashicorp/null"]
provider["registry.terraform.io/hashicorp/archive"]
provider["registry.terraform.io/hashicorp/archive"] (close)
  module.Dispatches.data.archive_file.zip_the_python_code
  module.Shared.data.archive_file.ZIP-Shared
  module.Tags.data.archive_file.zip_the_python_code
  provider["registry.terraform.io/hashicorp/archive"]
provider["registry.terraform.io/hashicorp/aws"]
  var.allowed_account_ids
  var.aws_region
  var.tags
provider["registry.terraform.io/hashicorp/aws"] (close)
  data.aws_caller_identity.current
  module.API-Gateway.aws_api_gateway_deployment.Deploy_API
  module.API-Gateway.aws_api_gateway_integration.proxy_lambda
  module.API-Gateway.aws_api_gateway_integration.root_method_mock
  module.API-Gateway.aws_api_gateway_integration_response.options_integration_response
  module.API-Gateway.aws_api_gateway_integration_response.proxy_integration_response
  module.API-Gateway.aws_api_gateway_method.proxy_method
  module.API-Gateway.aws_api_gateway_method.root_method
  module.API-Gateway.aws_api_gateway_method_response.options_200
  module.API-Gateway.aws_api_gateway_method_response.proxy_response
  module.API-Gateway.aws_api_gateway_resource.api
  module.API-Gateway.aws_api_gateway_resource.endpoints
  module.API-Gateway.aws_api_gateway_resource.proxy
  module.API-Gateway.aws_api_gateway_resource.version
  module.API-Gateway.aws_api_gateway_rest_api.apiLambda
  module.API-Gateway.aws_lambda_permission.apigw_proxy
  module.Authorization.aws_iam_policy.iam_policy_for_lambda
  module.Authorization.aws_iam_role.iam_for_apig
  module.Authorization.aws_iam_role.iam_for_lambda
  module.Authorization.aws_iam_role_policy_attachment.attach_iam_policy_to_iam_role
  module.Dispatches.aws_lambda_function.lambda_function
  module.DynamoDB.aws_dynamodb_table.dynamodb-table
  module.Shared.aws_lambda_layer_version.shared_layer
  module.Tags.aws_lambda_function.lambda_function
  provider["registry.terraform.io/hashicorp/aws"]
provider["registry.terraform.io/hashicorp/null"]
provider["registry.terraform.io/hashicorp/null"] (close)
  module.Dispatches.null_resource.do-build
  module.Github.null_resource.clone_repo
  module.Shared.null_resource.Install-Dependencies
  module.Tags.null_resource.do-build
  null_resource.clean-up
  provider["registry.terraform.io/hashicorp/null"]
root
  module.Dispatches (close)
  module.DynamoDB (close)
  module.Tags (close)
  provider["registry.terraform.io/hashicorp/archive"] (close)
  provider["registry.terraform.io/hashicorp/aws"] (close)
  provider["registry.terraform.io/hashicorp/null"] (close)
  var.covalent_commit_sha
  var.environment
  var.name
var.allowed_account_ids
var.aws_region
var.covalent_commit_sha
var.dispatches_conf
var.environment
var.github_specs
var.name
var.tags
var.tags_conf
